<?xml version="1.0" encoding="UTF-8"?>
<!-- Generated by org.testng.reporters.JUnitXMLReporter -->
<testsuite ignored="22" hostname="DESKTOP-BA6SG94" failures="15" tests="26" name="Test_All" time="731.446" errors="0" timestamp="2023-11-06T13:48:47 IST">
  <testcase classname="com.mystore.testcases.AddToCartPageTest" name="@BeforeMethod setup" time="32.2">
    <failure type="org.openqa.selenium.TimeoutException" message="timeout: Timed out receiving message from renderer: 22.289
  (Session info: chrome=119.0.6045.105)
Build info: version: &amp;apos;4.13.0&amp;apos;, revision: &amp;apos;ba948ece5b*&amp;apos;
System info: os.name: &amp;apos;Windows 10&amp;apos;, os.arch: &amp;apos;amd64&amp;apos;, os.version: &amp;apos;10.0&amp;apos;, java.version: &amp;apos;11.0.13&amp;apos;
Driver info: org.openqa.selenium.chrome.ChromeDriver
Command: [ff9770e1108df77bf9f71e677de22a5c, get {url=https://magento.softwaretestingboard.com/}]
Capabilities {acceptInsecureCerts: false, browserName: chrome, browserVersion: 119.0.6045.105, chrome: {chromedriverVersion: 119.0.6045.105 (38c72552c5e..., userDataDir: C:\Program Files\scoped_dir...}, fedcm:accounts: true, goog:chromeOptions: {debuggerAddress: localhost:55302}, networkConnectionEnabled: false, pageLoadStrategy: normal, platformName: windows, proxy: Proxy(), se:cdp: ws://localhost:55302/devtoo..., se:cdpVersion: 119.0.6045.105, setWindowRect: true, strictFileInteractability: false, timeouts: {implicit: 0, pageLoad: 300000, script: 30000}, unhandledPromptBehavior: dismiss and notify, webauthn:extension:credBlob: true, webauthn:extension:largeBlob: true, webauthn:extension:minPinLength: true, webauthn:extension:prf: true, webauthn:virtualAuthenticators: true}
Session ID: ff9770e1108df77bf9f71e677de22a5c">
      <![CDATA[org.openqa.selenium.TimeoutException: timeout: Timed out receiving message from renderer: 22.289
  (Session info: chrome=119.0.6045.105)
Build info: version: '4.13.0', revision: 'ba948ece5b*'
System info: os.name: 'Windows 10', os.arch: 'amd64', os.version: '10.0', java.version: '11.0.13'
Driver info: org.openqa.selenium.chrome.ChromeDriver
Command: [ff9770e1108df77bf9f71e677de22a5c, get {url=https://magento.softwaretestingboard.com/}]
Capabilities {acceptInsecureCerts: false, browserName: chrome, browserVersion: 119.0.6045.105, chrome: {chromedriverVersion: 119.0.6045.105 (38c72552c5e..., userDataDir: C:\Program Files\scoped_dir...}, fedcm:accounts: true, goog:chromeOptions: {debuggerAddress: localhost:55302}, networkConnectionEnabled: false, pageLoadStrategy: normal, platformName: windows, proxy: Proxy(), se:cdp: ws://localhost:55302/devtoo..., se:cdpVersion: 119.0.6045.105, setWindowRect: true, strictFileInteractability: false, timeouts: {implicit: 0, pageLoad: 300000, script: 30000}, unhandledPromptBehavior: dismiss and notify, webauthn:extension:credBlob: true, webauthn:extension:largeBlob: true, webauthn:extension:minPinLength: true, webauthn:extension:prf: true, webauthn:virtualAuthenticators: true}
Session ID: ff9770e1108df77bf9f71e677de22a5c
at org.openqa.selenium.remote.codec.w3c.W3CHttpResponseCodec.createException(W3CHttpResponseCodec.java:200)
at org.openqa.selenium.remote.codec.w3c.W3CHttpResponseCodec.decode(W3CHttpResponseCodec.java:133)
at org.openqa.selenium.remote.codec.w3c.W3CHttpResponseCodec.decode(W3CHttpResponseCodec.java:52)
at org.openqa.selenium.remote.HttpCommandExecutor.execute(HttpCommandExecutor.java:191)
at org.openqa.selenium.remote.service.DriverCommandExecutor.invokeExecute(DriverCommandExecutor.java:196)
at org.openqa.selenium.remote.service.DriverCommandExecutor.execute(DriverCommandExecutor.java:171)
at org.openqa.selenium.remote.RemoteWebDriver.execute(RemoteWebDriver.java:602)
at org.openqa.selenium.remote.RemoteWebDriver.get(RemoteWebDriver.java:304)
at com.mystore.base.BaseClass.launchApp(BaseClass.java:125)
at com.mystore.testcases.AddToCartPageTest.setup(AddToCartPageTest.java:39)
at java.base/java.util.ArrayList.forEach(ArrayList.java:1541)
... Removed 35 stack frames]]>
    </failure>
  </testcase> <!-- @BeforeMethod setup -->
  <testcase classname="com.mystore.testcases.AddToCartPageTest" name="@AfterMethod tearDown" time="-1.699258725964E9">
    <skipped/>
  </testcase> <!-- @AfterMethod tearDown -->
  <testcase classname="com.mystore.testcases.ShippingAddressPageTest" name="fillAdressIfNotLoginVerifyReviewPaymentPage" time="12.52">
    <failure type="java.lang.ClassCastException" message="class java.lang.ThreadLocal cannot be cast to class org.openqa.selenium.JavascriptExecutor (java.lang.ThreadLocal is in module java.base of loader &amp;apos;bootstrap&amp;apos;; org.openqa.selenium.JavascriptExecutor is in unnamed module of loader &amp;apos;app&amp;apos;)">
      <![CDATA[java.lang.ClassCastException: class java.lang.ThreadLocal cannot be cast to class org.openqa.selenium.JavascriptExecutor (java.lang.ThreadLocal is in module java.base of loader 'bootstrap'; org.openqa.selenium.JavascriptExecutor is in unnamed module of loader 'app')
at com.mystore.pageobjects.SearchResultPage.clickOnProduct(SearchResultPage.java:51)
at com.mystore.testcases.ShippingAddressPageTest.fillAdressIfNotLoginVerifyReviewPaymentPage(ShippingAddressPageTest.java:111)
at java.base/java.util.ArrayList.forEach(ArrayList.java:1541)
... Removed 27 stack frames]]>
    </failure>
  </testcase> <!-- fillAdressIfNotLoginVerifyReviewPaymentPage -->
  <testcase classname="com.mystore.testcases.ShippingAddressPageTest" name="fillNewAdressIfLoginVerifyReviewPaymentPage" time="20.289">
    <failure type="java.lang.ClassCastException" message="class java.lang.ThreadLocal cannot be cast to class org.openqa.selenium.JavascriptExecutor (java.lang.ThreadLocal is in module java.base of loader &amp;apos;bootstrap&amp;apos;; org.openqa.selenium.JavascriptExecutor is in unnamed module of loader &amp;apos;app&amp;apos;)">
      <![CDATA[java.lang.ClassCastException: class java.lang.ThreadLocal cannot be cast to class org.openqa.selenium.JavascriptExecutor (java.lang.ThreadLocal is in module java.base of loader 'bootstrap'; org.openqa.selenium.JavascriptExecutor is in unnamed module of loader 'app')
at com.mystore.pageobjects.SearchResultPage.clickOnProduct(SearchResultPage.java:51)
at com.mystore.testcases.ShippingAddressPageTest.fillNewAdressIfLoginVerifyReviewPaymentPage(ShippingAddressPageTest.java:168)
at java.base/java.util.ArrayList.forEach(ArrayList.java:1541)
... Removed 27 stack frames]]>
    </failure>
  </testcase> <!-- fillNewAdressIfLoginVerifyReviewPaymentPage -->
  <testcase classname="com.mystore.testcases.ShippingAddressPageTest" name="validationOfShippingAdressPage" time="7.678">
    <failure type="java.lang.ClassCastException" message="class java.lang.ThreadLocal cannot be cast to class org.openqa.selenium.JavascriptExecutor (java.lang.ThreadLocal is in module java.base of loader &amp;apos;bootstrap&amp;apos;; org.openqa.selenium.JavascriptExecutor is in unnamed module of loader &amp;apos;app&amp;apos;)">
      <![CDATA[java.lang.ClassCastException: class java.lang.ThreadLocal cannot be cast to class org.openqa.selenium.JavascriptExecutor (java.lang.ThreadLocal is in module java.base of loader 'bootstrap'; org.openqa.selenium.JavascriptExecutor is in unnamed module of loader 'app')
at com.mystore.pageobjects.SearchResultPage.clickOnProduct(SearchResultPage.java:51)
at com.mystore.testcases.ShippingAddressPageTest.validationOfShippingAdressPage(ShippingAddressPageTest.java:71)
at java.base/java.util.ArrayList.forEach(ArrayList.java:1541)
... Removed 27 stack frames]]>
    </failure>
  </testcase> <!-- validationOfShippingAdressPage -->
  <testcase classname="com.mystore.testcases.ForgotPasswordPageTest" name="resetPasswordAndValidateIt" time="12.603">
    <failure type="java.lang.AssertionError" message="expected [If there is an account associated with qwertyuiop@gmail.com you will receive an email with a link to reset your password.] but found []">
      <![CDATA[java.lang.AssertionError: expected [If there is an account associated with qwertyuiop@gmail.com you will receive an email with a link to reset your password.] but found []
at com.mystore.pageobjects.SignInPage.validationOfSuccessfulForgotEmailSentMsg(SignInPage.java:94)
at com.mystore.testcases.ForgotPasswordPageTest.resetPasswordAndValidateIt(ForgotPasswordPageTest.java:64)
at java.base/java.util.ArrayList.forEach(ArrayList.java:1541)
... Removed 33 stack frames]]>
    </failure>
  </testcase> <!-- resetPasswordAndValidateIt -->
  <testcase classname="com.mystore.testcases.ForgotPasswordPageTest" name="validationOfForgotPasswordPage" time="1.262"/>
  <testcase classname="com.mystore.testcases.ShoppingCartPageTest" name="validationOfShoppingCartPageWithoutLogin" time="8.708">
    <failure type="java.lang.ClassCastException" message="class java.lang.ThreadLocal cannot be cast to class org.openqa.selenium.JavascriptExecutor (java.lang.ThreadLocal is in module java.base of loader &amp;apos;bootstrap&amp;apos;; org.openqa.selenium.JavascriptExecutor is in unnamed module of loader &amp;apos;app&amp;apos;)">
      <![CDATA[java.lang.ClassCastException: class java.lang.ThreadLocal cannot be cast to class org.openqa.selenium.JavascriptExecutor (java.lang.ThreadLocal is in module java.base of loader 'bootstrap'; org.openqa.selenium.JavascriptExecutor is in unnamed module of loader 'app')
at com.mystore.pageobjects.SearchResultPage.clickOnProduct(SearchResultPage.java:51)
at com.mystore.testcases.ShoppingCartPageTest.validationOfShoppingCartPageWithoutLogin(ShoppingCartPageTest.java:62)
at java.base/java.util.ArrayList.forEach(ArrayList.java:1541)
... Removed 27 stack frames]]>
    </failure>
  </testcase> <!-- validationOfShoppingCartPageWithoutLogin -->
  <testcase classname="com.mystore.testcases.IndexPageTest" name="validateSignInPageTitleAfterClickOnSignIn" time="12.954"/>
  <testcase classname="com.mystore.testcases.IndexPageTest" name="verifyLogoTest" time="0.175"/>
  <testcase classname="com.mystore.testcases.SearchResultPageTest" name="clickOnSearchResultProduct" time="18.833">
    <failure type="java.lang.ClassCastException" message="class java.lang.ThreadLocal cannot be cast to class org.openqa.selenium.JavascriptExecutor (java.lang.ThreadLocal is in module java.base of loader &amp;apos;bootstrap&amp;apos;; org.openqa.selenium.JavascriptExecutor is in unnamed module of loader &amp;apos;app&amp;apos;)">
      <![CDATA[java.lang.ClassCastException: class java.lang.ThreadLocal cannot be cast to class org.openqa.selenium.JavascriptExecutor (java.lang.ThreadLocal is in module java.base of loader 'bootstrap'; org.openqa.selenium.JavascriptExecutor is in unnamed module of loader 'app')
at com.mystore.pageobjects.SearchResultPage.clickOnProduct(SearchResultPage.java:51)
at com.mystore.testcases.SearchResultPageTest.clickOnSearchResultProduct(SearchResultPageTest.java:84)
at java.base/java.util.ArrayList.forEach(ArrayList.java:1541)
... Removed 27 stack frames]]>
    </failure>
  </testcase> <!-- clickOnSearchResultProduct -->
  <testcase classname="com.mystore.testcases.SearchResultPageTest" name="validateSearchProdcutResultWithLogin" time="9.146"/>
  <testcase classname="com.mystore.testcases.SearchResultPageTest" name="validateSearchProdcutResultWithoutLogin" time="8.198"/>
  <testcase classname="com.mystore.testcases.CreateAccountPageTest" name="createOfNewAccount" time="4.094"/>
  <testcase classname="com.mystore.testcases.CreateAccountPageTest" name="validationOfCreateAccountPage" time="3.992"/>
  <testcase classname="com.mystore.testcases.MyAccountPageTest" name="validationOfMyAcntPage" time="10.353"/>
  <testcase classname="com.mystore.testcases.ReviewPaymentPageTest" name="clickOnPlaceOrderAndVerifyOrderConfirmation" time="6.674">
    <failure type="java.lang.ClassCastException" message="class java.lang.ThreadLocal cannot be cast to class org.openqa.selenium.JavascriptExecutor (java.lang.ThreadLocal is in module java.base of loader &amp;apos;bootstrap&amp;apos;; org.openqa.selenium.JavascriptExecutor is in unnamed module of loader &amp;apos;app&amp;apos;)">
      <![CDATA[java.lang.ClassCastException: class java.lang.ThreadLocal cannot be cast to class org.openqa.selenium.JavascriptExecutor (java.lang.ThreadLocal is in module java.base of loader 'bootstrap'; org.openqa.selenium.JavascriptExecutor is in unnamed module of loader 'app')
at com.mystore.pageobjects.SearchResultPage.clickOnProduct(SearchResultPage.java:51)
at com.mystore.testcases.ReviewPaymentPageTest.clickOnPlaceOrderAndVerifyOrderConfirmation(ReviewPaymentPageTest.java:189)
at java.base/java.util.ArrayList.forEach(ArrayList.java:1541)
... Removed 27 stack frames]]>
    </failure>
  </testcase> <!-- clickOnPlaceOrderAndVerifyOrderConfirmation -->
  <testcase classname="com.mystore.testcases.ReviewPaymentPageTest" name="editShipMethod" time="8.507">
    <failure type="java.lang.ClassCastException" message="class java.lang.ThreadLocal cannot be cast to class org.openqa.selenium.JavascriptExecutor (java.lang.ThreadLocal is in module java.base of loader &amp;apos;bootstrap&amp;apos;; org.openqa.selenium.JavascriptExecutor is in unnamed module of loader &amp;apos;app&amp;apos;)">
      <![CDATA[java.lang.ClassCastException: class java.lang.ThreadLocal cannot be cast to class org.openqa.selenium.JavascriptExecutor (java.lang.ThreadLocal is in module java.base of loader 'bootstrap'; org.openqa.selenium.JavascriptExecutor is in unnamed module of loader 'app')
at com.mystore.pageobjects.SearchResultPage.clickOnProduct(SearchResultPage.java:51)
at com.mystore.testcases.ReviewPaymentPageTest.editShipMethod(ReviewPaymentPageTest.java:135)
at java.base/java.util.ArrayList.forEach(ArrayList.java:1541)
... Removed 27 stack frames]]>
    </failure>
  </testcase> <!-- editShipMethod -->
  <testcase classname="com.mystore.testcases.ReviewPaymentPageTest" name="validationOfReviewPaymentPage" time="2.889">
    <failure type="java.lang.ClassCastException" message="class java.lang.ThreadLocal cannot be cast to class org.openqa.selenium.JavascriptExecutor (java.lang.ThreadLocal is in module java.base of loader &amp;apos;bootstrap&amp;apos;; org.openqa.selenium.JavascriptExecutor is in unnamed module of loader &amp;apos;app&amp;apos;)">
      <![CDATA[java.lang.ClassCastException: class java.lang.ThreadLocal cannot be cast to class org.openqa.selenium.JavascriptExecutor (java.lang.ThreadLocal is in module java.base of loader 'bootstrap'; org.openqa.selenium.JavascriptExecutor is in unnamed module of loader 'app')
at com.mystore.pageobjects.SearchResultPage.clickOnProduct(SearchResultPage.java:51)
at com.mystore.testcases.ReviewPaymentPageTest.validationOfReviewPaymentPage(ReviewPaymentPageTest.java:80)
at java.base/java.util.ArrayList.forEach(ArrayList.java:1541)
... Removed 27 stack frames]]>
    </failure>
  </testcase> <!-- validationOfReviewPaymentPage -->
  <testcase classname="com.mystore.testcases.HomePageTest" name="clickAndVerifyDownArrowMyAccountWishListAndSignout" time="8.201">
    <failure type="org.openqa.selenium.ElementNotInteractableException" message="element not interactable: https://magento.softwaretestingboard.com/customer/account/ has no size and location
  (Session info: chrome=119.0.6045.105)
Build info: version: &amp;apos;4.13.0&amp;apos;, revision: &amp;apos;ba948ece5b*&amp;apos;
System info: os.name: &amp;apos;Windows 10&amp;apos;, os.arch: &amp;apos;amd64&amp;apos;, os.version: &amp;apos;10.0&amp;apos;, java.version: &amp;apos;11.0.13&amp;apos;
Driver info: org.openqa.selenium.chrome.ChromeDriver
Command: [45502af98b2954a68c61afcb3b3a2423, actions {actions=[org.openqa.selenium.interactions.Sequence@6f9999f6]}]
Capabilities {acceptInsecureCerts: false, browserName: chrome, browserVersion: 119.0.6045.105, chrome: {chromedriverVersion: 119.0.6045.105 (38c72552c5e..., userDataDir: C:\Program Files\scoped_dir...}, fedcm:accounts: true, goog:chromeOptions: {debuggerAddress: localhost:55098}, networkConnectionEnabled: false, pageLoadStrategy: normal, platformName: windows, proxy: Proxy(), se:cdp: ws://localhost:55098/devtoo..., se:cdpVersion: 119.0.6045.105, setWindowRect: true, strictFileInteractability: false, timeouts: {implicit: 0, pageLoad: 300000, script: 30000}, unhandledPromptBehavior: dismiss and notify, webauthn:extension:credBlob: true, webauthn:extension:largeBlob: true, webauthn:extension:minPinLength: true, webauthn:extension:prf: true, webauthn:virtualAuthenticators: true}
Session ID: 45502af98b2954a68c61afcb3b3a2423">
      <![CDATA[org.openqa.selenium.ElementNotInteractableException: element not interactable: https://magento.softwaretestingboard.com/customer/account/ has no size and location
  (Session info: chrome=119.0.6045.105)
Build info: version: '4.13.0', revision: 'ba948ece5b*'
System info: os.name: 'Windows 10', os.arch: 'amd64', os.version: '10.0', java.version: '11.0.13'
Driver info: org.openqa.selenium.chrome.ChromeDriver
Command: [45502af98b2954a68c61afcb3b3a2423, actions {actions=[org.openqa.selenium.interactions.Sequence@6f9999f6]}]
Capabilities {acceptInsecureCerts: false, browserName: chrome, browserVersion: 119.0.6045.105, chrome: {chromedriverVersion: 119.0.6045.105 (38c72552c5e..., userDataDir: C:\Program Files\scoped_dir...}, fedcm:accounts: true, goog:chromeOptions: {debuggerAddress: localhost:55098}, networkConnectionEnabled: false, pageLoadStrategy: normal, platformName: windows, proxy: Proxy(), se:cdp: ws://localhost:55098/devtoo..., se:cdpVersion: 119.0.6045.105, setWindowRect: true, strictFileInteractability: false, timeouts: {implicit: 0, pageLoad: 300000, script: 30000}, unhandledPromptBehavior: dismiss and notify, webauthn:extension:credBlob: true, webauthn:extension:largeBlob: true, webauthn:extension:minPinLength: true, webauthn:extension:prf: true, webauthn:virtualAuthenticators: true}
Session ID: 45502af98b2954a68c61afcb3b3a2423
at org.openqa.selenium.remote.codec.w3c.W3CHttpResponseCodec.createException(W3CHttpResponseCodec.java:200)
at org.openqa.selenium.remote.codec.w3c.W3CHttpResponseCodec.decode(W3CHttpResponseCodec.java:133)
at org.openqa.selenium.remote.codec.w3c.W3CHttpResponseCodec.decode(W3CHttpResponseCodec.java:52)
at org.openqa.selenium.remote.HttpCommandExecutor.execute(HttpCommandExecutor.java:191)
at org.openqa.selenium.remote.service.DriverCommandExecutor.invokeExecute(DriverCommandExecutor.java:196)
at org.openqa.selenium.remote.service.DriverCommandExecutor.execute(DriverCommandExecutor.java:171)
at org.openqa.selenium.remote.RemoteWebDriver.execute(RemoteWebDriver.java:602)
at org.openqa.selenium.remote.RemoteWebDriver.perform(RemoteWebDriver.java:688)
at org.openqa.selenium.interactions.Actions$BuiltAction.perform(Actions.java:605)
at com.mystore.actiondriver.Action.click(Action.java:45)
at com.mystore.pageobjects.HomePage.clickMyAccount(HomePage.java:68)
at com.mystore.testcases.HomePageTest.clickAndVerifyDownArrowMyAccountWishListAndSignout(HomePageTest.java:90)
at java.base/java.util.ArrayList.forEach(ArrayList.java:1541)
... Removed 31 stack frames]]>
    </failure>
  </testcase> <!-- clickAndVerifyDownArrowMyAccountWishListAndSignout -->
  <testcase classname="com.mystore.testcases.HomePageTest" name="getCurrentURLHomePage" time="4.976"/>
  <testcase classname="com.mystore.testcases.OrderConfirmationPageTest" name="clickOnContShopBtn" time="10.201">
    <failure type="java.lang.ClassCastException" message="class java.lang.ThreadLocal cannot be cast to class org.openqa.selenium.JavascriptExecutor (java.lang.ThreadLocal is in module java.base of loader &amp;apos;bootstrap&amp;apos;; org.openqa.selenium.JavascriptExecutor is in unnamed module of loader &amp;apos;app&amp;apos;)">
      <![CDATA[java.lang.ClassCastException: class java.lang.ThreadLocal cannot be cast to class org.openqa.selenium.JavascriptExecutor (java.lang.ThreadLocal is in module java.base of loader 'bootstrap'; org.openqa.selenium.JavascriptExecutor is in unnamed module of loader 'app')
at com.mystore.pageobjects.SearchResultPage.clickOnProduct(SearchResultPage.java:51)
at com.mystore.testcases.OrderConfirmationPageTest.clickOnContShopBtn(OrderConfirmationPageTest.java:135)
at java.base/java.util.ArrayList.forEach(ArrayList.java:1541)
... Removed 27 stack frames]]>
    </failure>
  </testcase> <!-- clickOnContShopBtn -->
  <testcase classname="com.mystore.testcases.OrderConfirmationPageTest" name="validationOfOrderSummaryPage" time="6.704">
    <failure type="java.lang.ClassCastException" message="class java.lang.ThreadLocal cannot be cast to class org.openqa.selenium.JavascriptExecutor (java.lang.ThreadLocal is in module java.base of loader &amp;apos;bootstrap&amp;apos;; org.openqa.selenium.JavascriptExecutor is in unnamed module of loader &amp;apos;app&amp;apos;)">
      <![CDATA[java.lang.ClassCastException: class java.lang.ThreadLocal cannot be cast to class org.openqa.selenium.JavascriptExecutor (java.lang.ThreadLocal is in module java.base of loader 'bootstrap'; org.openqa.selenium.JavascriptExecutor is in unnamed module of loader 'app')
at com.mystore.pageobjects.SearchResultPage.clickOnProduct(SearchResultPage.java:51)
at com.mystore.testcases.OrderConfirmationPageTest.validationOfOrderSummaryPage(OrderConfirmationPageTest.java:78)
at java.base/java.util.ArrayList.forEach(ArrayList.java:1541)
... Removed 27 stack frames]]>
    </failure>
  </testcase> <!-- validationOfOrderSummaryPage -->
  <testcase classname="com.mystore.testcases.SignInPageTest" name="createNewAccountIfUnableToSignIn" time="7.977">
    <failure type="java.lang.AssertionError" message="expected [My Account] but found [Create New Customer Account]">
      <![CDATA[java.lang.AssertionError: expected [My Account] but found [Create New Customer Account]
at com.mystore.pageobjects.MyAccountPage.validateMyAcntPageTitle(MyAccountPage.java:38)
at com.mystore.testcases.SignInPageTest.createNewAccountIfUnableToSignIn(SignInPageTest.java:104)
at java.base/java.util.ArrayList.forEach(ArrayList.java:1541)
... Removed 33 stack frames]]>
    </failure>
  </testcase> <!-- createNewAccountIfUnableToSignIn -->
  <testcase classname="com.mystore.testcases.SignInPageTest" name="signInTest" time="2.555">
    <failure type="java.lang.AssertionError" message="expected [https://magento.softwaretestingboard.com/] but found [https://magento.softwaretestingboard.com/customer/account/login/referer/aHR0cHM6Ly9tYWdlbnRvLnNvZnR3YXJldGVzdGluZ2JvYXJkLmNvbS8%2C/]">
      <![CDATA[java.lang.AssertionError: expected [https://magento.softwaretestingboard.com/] but found [https://magento.softwaretestingboard.com/customer/account/login/referer/aHR0cHM6Ly9tYWdlbnRvLnNvZnR3YXJldGVzdGluZ2JvYXJkLmNvbS8%2C/]
at com.mystore.testcases.SignInPageTest.signInTest(SignInPageTest.java:76)
at java.base/java.util.ArrayList.forEach(ArrayList.java:1541)
... Removed 33 stack frames]]>
    </failure>
  </testcase> <!-- signInTest -->
  <testcase classname="com.mystore.testcases.SignInPageTest" name="signInTest" time="4.461"/>
  <testcase classname="com.mystore.testcases.AddToCartPageTest" name="addProductToCartProceedToShippingAdressPagewWithLogin" time="8.988">
    <failure type="java.lang.ClassCastException" message="class java.lang.ThreadLocal cannot be cast to class org.openqa.selenium.JavascriptExecutor (java.lang.ThreadLocal is in module java.base of loader &amp;apos;bootstrap&amp;apos;; org.openqa.selenium.JavascriptExecutor is in unnamed module of loader &amp;apos;app&amp;apos;)">
      <![CDATA[java.lang.ClassCastException: class java.lang.ThreadLocal cannot be cast to class org.openqa.selenium.JavascriptExecutor (java.lang.ThreadLocal is in module java.base of loader 'bootstrap'; org.openqa.selenium.JavascriptExecutor is in unnamed module of loader 'app')
at com.mystore.pageobjects.SearchResultPage.clickOnProduct(SearchResultPage.java:51)
at com.mystore.testcases.AddToCartPageTest.addProductToCartProceedToShippingAdressPagewWithLogin(AddToCartPageTest.java:65)
at java.base/java.util.ArrayList.forEach(ArrayList.java:1541)
... Removed 27 stack frames]]>
    </failure>
  </testcase> <!-- addProductToCartProceedToShippingAdressPagewWithLogin -->
  <testcase classname="com.mystore.testcases.AddToCartPageTest" name="addProductToCartProceedToShippingAdressPagewWithOutLogin" time="0.0">
    <skipped/>
  </testcase> <!-- addProductToCartProceedToShippingAdressPagewWithOutLogin -->
  <testcase classname="com.mystore.base.BaseClass" name="@BeforeSuite loadConfig" time="0.0">
    <ignored/>
  </testcase> <!-- @BeforeSuite loadConfig -->
  <testcase classname="com.mystore.base.BaseClass" name="@BeforeSuite loadConfig" time="0.0">
    <ignored/>
  </testcase> <!-- @BeforeSuite loadConfig -->
  <testcase classname="com.mystore.base.BaseClass" name="@BeforeSuite loadConfig" time="0.0">
    <ignored/>
  </testcase> <!-- @BeforeSuite loadConfig -->
  <testcase classname="com.mystore.base.BaseClass" name="@BeforeSuite loadConfig" time="0.0">
    <ignored/>
  </testcase> <!-- @BeforeSuite loadConfig -->
  <testcase classname="com.mystore.base.BaseClass" name="@BeforeSuite loadConfig" time="0.0">
    <ignored/>
  </testcase> <!-- @BeforeSuite loadConfig -->
  <testcase classname="com.mystore.base.BaseClass" name="@BeforeSuite loadConfig" time="0.0">
    <ignored/>
  </testcase> <!-- @BeforeSuite loadConfig -->
  <testcase classname="com.mystore.base.BaseClass" name="@BeforeSuite loadConfig" time="0.0">
    <ignored/>
  </testcase> <!-- @BeforeSuite loadConfig -->
  <testcase classname="com.mystore.base.BaseClass" name="@BeforeSuite loadConfig" time="0.0">
    <ignored/>
  </testcase> <!-- @BeforeSuite loadConfig -->
  <testcase classname="com.mystore.base.BaseClass" name="@BeforeSuite loadConfig" time="0.0">
    <ignored/>
  </testcase> <!-- @BeforeSuite loadConfig -->
  <testcase classname="com.mystore.base.BaseClass" name="@BeforeSuite loadConfig" time="0.0">
    <ignored/>
  </testcase> <!-- @BeforeSuite loadConfig -->
  <testcase classname="com.mystore.base.BaseClass" name="@BeforeSuite loadConfig" time="0.0">
    <ignored/>
  </testcase> <!-- @BeforeSuite loadConfig -->
  <testcase classname="com.mystore.base.BaseClass" name="@AfterSuite afterSuite" time="0.0">
    <ignored/>
  </testcase> <!-- @AfterSuite afterSuite -->
  <testcase classname="com.mystore.base.BaseClass" name="@AfterSuite afterSuite" time="0.0">
    <ignored/>
  </testcase> <!-- @AfterSuite afterSuite -->
  <testcase classname="com.mystore.base.BaseClass" name="@AfterSuite afterSuite" time="0.0">
    <ignored/>
  </testcase> <!-- @AfterSuite afterSuite -->
  <testcase classname="com.mystore.base.BaseClass" name="@AfterSuite afterSuite" time="0.0">
    <ignored/>
  </testcase> <!-- @AfterSuite afterSuite -->
  <testcase classname="com.mystore.base.BaseClass" name="@AfterSuite afterSuite" time="0.0">
    <ignored/>
  </testcase> <!-- @AfterSuite afterSuite -->
  <testcase classname="com.mystore.base.BaseClass" name="@AfterSuite afterSuite" time="0.0">
    <ignored/>
  </testcase> <!-- @AfterSuite afterSuite -->
  <testcase classname="com.mystore.base.BaseClass" name="@AfterSuite afterSuite" time="0.0">
    <ignored/>
  </testcase> <!-- @AfterSuite afterSuite -->
  <testcase classname="com.mystore.base.BaseClass" name="@AfterSuite afterSuite" time="0.0">
    <ignored/>
  </testcase> <!-- @AfterSuite afterSuite -->
  <testcase classname="com.mystore.base.BaseClass" name="@AfterSuite afterSuite" time="0.0">
    <ignored/>
  </testcase> <!-- @AfterSuite afterSuite -->
  <testcase classname="com.mystore.base.BaseClass" name="@AfterSuite afterSuite" time="0.0">
    <ignored/>
  </testcase> <!-- @AfterSuite afterSuite -->
  <testcase classname="com.mystore.base.BaseClass" name="@AfterSuite afterSuite" time="0.0">
    <ignored/>
  </testcase> <!-- @AfterSuite afterSuite -->
</testsuite> <!-- Test_All -->
