<?xml version="1.0" encoding="UTF-8"?>
<!-- Generated by org.testng.reporters.JUnitXMLReporter -->
<testsuite ignored="43" hostname="DESKTOP-BA6SG94" failures="4" tests="5" name="Test_Regression" time="142.919" errors="0" timestamp="2023-11-04T14:53:48 IST">
  <testcase classname="com.mystore.testcases.ReviewPaymentPageTest" name="clickOnPlaceOrderAndVerifyOrderConfirmation" time="16.461">
    <failure type="java.lang.ClassCastException" message="class java.lang.ThreadLocal cannot be cast to class org.openqa.selenium.JavascriptExecutor (java.lang.ThreadLocal is in module java.base of loader &amp;apos;bootstrap&amp;apos;; org.openqa.selenium.JavascriptExecutor is in unnamed module of loader &amp;apos;app&amp;apos;)">
      <![CDATA[java.lang.ClassCastException: class java.lang.ThreadLocal cannot be cast to class org.openqa.selenium.JavascriptExecutor (java.lang.ThreadLocal is in module java.base of loader 'bootstrap'; org.openqa.selenium.JavascriptExecutor is in unnamed module of loader 'app')
at com.mystore.pageobjects.SearchResultPage.clickOnProduct(SearchResultPage.java:51)
at com.mystore.testcases.ReviewPaymentPageTest.clickOnPlaceOrderAndVerifyOrderConfirmation(ReviewPaymentPageTest.java:186)
at java.base/java.util.ArrayList.forEach(ArrayList.java:1541)
... Removed 27 stack frames]]>
    </failure>
  </testcase> <!-- clickOnPlaceOrderAndVerifyOrderConfirmation -->
  <testcase classname="com.mystore.testcases.ReviewPaymentPageTest" name="editShipMethod" time="7.009">
    <failure type="java.lang.ClassCastException" message="class java.lang.ThreadLocal cannot be cast to class org.openqa.selenium.JavascriptExecutor (java.lang.ThreadLocal is in module java.base of loader &amp;apos;bootstrap&amp;apos;; org.openqa.selenium.JavascriptExecutor is in unnamed module of loader &amp;apos;app&amp;apos;)">
      <![CDATA[java.lang.ClassCastException: class java.lang.ThreadLocal cannot be cast to class org.openqa.selenium.JavascriptExecutor (java.lang.ThreadLocal is in module java.base of loader 'bootstrap'; org.openqa.selenium.JavascriptExecutor is in unnamed module of loader 'app')
at com.mystore.pageobjects.SearchResultPage.clickOnProduct(SearchResultPage.java:51)
at com.mystore.testcases.ReviewPaymentPageTest.editShipMethod(ReviewPaymentPageTest.java:132)
at java.base/java.util.ArrayList.forEach(ArrayList.java:1541)
... Removed 27 stack frames]]>
    </failure>
  </testcase> <!-- editShipMethod -->
  <testcase classname="com.mystore.testcases.ReviewPaymentPageTest" name="validationOfReviewPaymentPage" time="7.726">
    <failure type="java.lang.ClassCastException" message="class java.lang.ThreadLocal cannot be cast to class org.openqa.selenium.JavascriptExecutor (java.lang.ThreadLocal is in module java.base of loader &amp;apos;bootstrap&amp;apos;; org.openqa.selenium.JavascriptExecutor is in unnamed module of loader &amp;apos;app&amp;apos;)">
      <![CDATA[java.lang.ClassCastException: class java.lang.ThreadLocal cannot be cast to class org.openqa.selenium.JavascriptExecutor (java.lang.ThreadLocal is in module java.base of loader 'bootstrap'; org.openqa.selenium.JavascriptExecutor is in unnamed module of loader 'app')
at com.mystore.pageobjects.SearchResultPage.clickOnProduct(SearchResultPage.java:51)
at com.mystore.testcases.ReviewPaymentPageTest.validationOfReviewPaymentPage(ReviewPaymentPageTest.java:77)
at java.base/java.util.ArrayList.forEach(ArrayList.java:1541)
... Removed 27 stack frames]]>
    </failure>
  </testcase> <!-- validationOfReviewPaymentPage -->
  <testcase classname="com.mystore.testcases.SignInPageTest" name="signInTest" time="3.771">
    <failure type="java.lang.AssertionError" message="expected [https://magento.softwaretestingboard.com/] but found [https://magento.softwaretestingboard.com/customer/account/login/referer/aHR0cHM6Ly9tYWdlbnRvLnNvZnR3YXJldGVzdGluZ2JvYXJkLmNvbS8%2C/]">
      <![CDATA[java.lang.AssertionError: expected [https://magento.softwaretestingboard.com/] but found [https://magento.softwaretestingboard.com/customer/account/login/referer/aHR0cHM6Ly9tYWdlbnRvLnNvZnR3YXJldGVzdGluZ2JvYXJkLmNvbS8%2C/]
at com.mystore.testcases.SignInPageTest.signInTest(SignInPageTest.java:73)
at java.base/java.util.ArrayList.forEach(ArrayList.java:1541)
... Removed 33 stack frames]]>
    </failure>
  </testcase> <!-- signInTest -->
  <testcase classname="com.mystore.testcases.SignInPageTest" name="signInTest" time="4.483"/>
  <testcase classname="com.mystore.base.BaseClass" name="@BeforeSuite beforSuite" time="0.0">
    <ignored/>
  </testcase> <!-- @BeforeSuite beforSuite -->
  <testcase classname="com.mystore.base.BaseClass" name="@BeforeSuite beforSuite" time="0.0">
    <ignored/>
  </testcase> <!-- @BeforeSuite beforSuite -->
  <testcase classname="com.mystore.base.BaseClass" name="@BeforeSuite beforSuite" time="0.0">
    <ignored/>
  </testcase> <!-- @BeforeSuite beforSuite -->
  <testcase classname="com.mystore.base.BaseClass" name="@BeforeSuite beforSuite" time="0.0">
    <ignored/>
  </testcase> <!-- @BeforeSuite beforSuite -->
  <testcase classname="com.mystore.base.BaseClass" name="@BeforeSuite beforSuite" time="0.0">
    <ignored/>
  </testcase> <!-- @BeforeSuite beforSuite -->
  <testcase classname="com.mystore.base.BaseClass" name="@BeforeSuite beforSuite" time="0.0">
    <ignored/>
  </testcase> <!-- @BeforeSuite beforSuite -->
  <testcase classname="com.mystore.base.BaseClass" name="@BeforeSuite beforSuite" time="0.0">
    <ignored/>
  </testcase> <!-- @BeforeSuite beforSuite -->
  <testcase classname="com.mystore.base.BaseClass" name="@BeforeSuite beforSuite" time="0.0">
    <ignored/>
  </testcase> <!-- @BeforeSuite beforSuite -->
  <testcase classname="com.mystore.base.BaseClass" name="@BeforeSuite beforSuite" time="0.0">
    <ignored/>
  </testcase> <!-- @BeforeSuite beforSuite -->
  <testcase classname="com.mystore.base.BaseClass" name="@BeforeSuite beforSuite" time="0.0">
    <ignored/>
  </testcase> <!-- @BeforeSuite beforSuite -->
  <testcase classname="com.mystore.base.BaseClass" name="@BeforeSuite beforSuite" time="0.0">
    <ignored/>
  </testcase> <!-- @BeforeSuite beforSuite -->
  <testcase classname="com.mystore.base.BaseClass" name="@BeforeTest loadConfig" time="0.0">
    <ignored/>
  </testcase> <!-- @BeforeTest loadConfig -->
  <testcase classname="com.mystore.base.BaseClass" name="@BeforeTest loadConfig" time="0.0">
    <ignored/>
  </testcase> <!-- @BeforeTest loadConfig -->
  <testcase classname="com.mystore.base.BaseClass" name="@BeforeTest loadConfig" time="0.0">
    <ignored/>
  </testcase> <!-- @BeforeTest loadConfig -->
  <testcase classname="com.mystore.base.BaseClass" name="@BeforeTest loadConfig" time="0.0">
    <ignored/>
  </testcase> <!-- @BeforeTest loadConfig -->
  <testcase classname="com.mystore.base.BaseClass" name="@BeforeTest loadConfig" time="0.0">
    <ignored/>
  </testcase> <!-- @BeforeTest loadConfig -->
  <testcase classname="com.mystore.base.BaseClass" name="@BeforeTest loadConfig" time="0.0">
    <ignored/>
  </testcase> <!-- @BeforeTest loadConfig -->
  <testcase classname="com.mystore.base.BaseClass" name="@BeforeTest loadConfig" time="0.0">
    <ignored/>
  </testcase> <!-- @BeforeTest loadConfig -->
  <testcase classname="com.mystore.base.BaseClass" name="@BeforeTest loadConfig" time="0.0">
    <ignored/>
  </testcase> <!-- @BeforeTest loadConfig -->
  <testcase classname="com.mystore.base.BaseClass" name="@BeforeTest loadConfig" time="0.0">
    <ignored/>
  </testcase> <!-- @BeforeTest loadConfig -->
  <testcase classname="com.mystore.base.BaseClass" name="@BeforeTest loadConfig" time="0.0">
    <ignored/>
  </testcase> <!-- @BeforeTest loadConfig -->
  <testcase classname="com.mystore.base.BaseClass" name="@BeforeTest loadConfig" time="0.0">
    <ignored/>
  </testcase> <!-- @BeforeTest loadConfig -->
  <testcase classname="com.mystore.testcases.ShoppingCartPageTest" name="validationOfShoppingCartPageWithoutLogin" time="0.0">
    <ignored/>
  </testcase> <!-- validationOfShoppingCartPageWithoutLogin -->
  <testcase classname="com.mystore.testcases.ShippingAddressPageTest" name="fillAdressIfNotLoginVerifyReviewPaymentPage" time="0.0">
    <ignored/>
  </testcase> <!-- fillAdressIfNotLoginVerifyReviewPaymentPage -->
  <testcase classname="com.mystore.testcases.SignInPageTest" name="createNewAccountIfUnableToSignIn" time="0.0">
    <ignored/>
  </testcase> <!-- createNewAccountIfUnableToSignIn -->
  <testcase classname="com.mystore.testcases.SearchResultPageTest" name="validateSearchProdcutResultWithoutLogin" time="0.0">
    <ignored/>
  </testcase> <!-- validateSearchProdcutResultWithoutLogin -->
  <testcase classname="com.mystore.testcases.IndexPageTest" name="verifyLogoTest" time="0.0">
    <ignored/>
  </testcase> <!-- verifyLogoTest -->
  <testcase classname="com.mystore.testcases.SearchResultPageTest" name="validateSearchProdcutResultWithLogin" time="0.0">
    <ignored/>
  </testcase> <!-- validateSearchProdcutResultWithLogin -->
  <testcase classname="com.mystore.testcases.SearchResultPageTest" name="clickOnSearchResultProduct" time="0.0">
    <ignored/>
  </testcase> <!-- clickOnSearchResultProduct -->
  <testcase classname="com.mystore.testcases.ShippingAddressPageTest" name="fillNewAdressIfLoginVerifyReviewPaymentPage" time="0.0">
    <ignored/>
  </testcase> <!-- fillNewAdressIfLoginVerifyReviewPaymentPage -->
  <testcase classname="com.mystore.testcases.CreateAccountPageTest" name="createOfNewAccount" time="0.0">
    <ignored/>
  </testcase> <!-- createOfNewAccount -->
  <testcase classname="com.mystore.testcases.AddToCartPageTest" name="addProductToCartProceedToShippingAdressPagewWithLogin" time="0.0">
    <ignored/>
  </testcase> <!-- addProductToCartProceedToShippingAdressPagewWithLogin -->
  <testcase classname="com.mystore.testcases.CreateAccountPageTest" name="validationOfCreateAccountPage" time="0.0">
    <ignored/>
  </testcase> <!-- validationOfCreateAccountPage -->
  <testcase classname="com.mystore.testcases.HomePageTest" name="clickAndVerifyDownArrowMyAccountWishListAndSignout" time="0.0">
    <ignored/>
  </testcase> <!-- clickAndVerifyDownArrowMyAccountWishListAndSignout -->
  <testcase classname="com.mystore.testcases.ForgotPasswordPageTest" name="validationOfForgotPasswordPage" time="0.0">
    <ignored/>
  </testcase> <!-- validationOfForgotPasswordPage -->
  <testcase classname="com.mystore.testcases.HomePageTest" name="getCurrentURLHomePage" time="0.0">
    <ignored/>
  </testcase> <!-- getCurrentURLHomePage -->
  <testcase classname="com.mystore.testcases.AddToCartPageTest" name="addProductToCartProceedToShippingAdressPagewWithOutLogin" time="0.0">
    <ignored/>
  </testcase> <!-- addProductToCartProceedToShippingAdressPagewWithOutLogin -->
  <testcase classname="com.mystore.testcases.IndexPageTest" name="validateSignInPageTitleAfterClickOnSignIn" time="0.0">
    <ignored/>
  </testcase> <!-- validateSignInPageTitleAfterClickOnSignIn -->
  <testcase classname="com.mystore.testcases.ForgotPasswordPageTest" name="resetPasswordAndValidateIt" time="0.0">
    <ignored/>
  </testcase> <!-- resetPasswordAndValidateIt -->
  <testcase classname="com.mystore.testcases.ShippingAddressPageTest" name="validationOfShippingAdressPage" time="0.0">
    <ignored/>
  </testcase> <!-- validationOfShippingAdressPage -->
  <testcase classname="com.mystore.testcases.OrderConfirmationPageTest" name="validationOfOrderSummaryPage" time="0.0">
    <ignored/>
  </testcase> <!-- validationOfOrderSummaryPage -->
  <testcase classname="com.mystore.testcases.OrderConfirmationPageTest" name="clickOnContShopBtn" time="0.0">
    <ignored/>
  </testcase> <!-- clickOnContShopBtn -->
  <testcase classname="com.mystore.testcases.MyAccountPageTest" name="validationOfMyAcntPage" time="0.0">
    <ignored/>
  </testcase> <!-- validationOfMyAcntPage -->
</testsuite> <!-- Test_Regression -->
