<!DOCTYPE html PUBLIC "-//W3C//DTD XHTML 1.1//EN" "https://www.w3.org/TR/xhtml11/DTD/xhtml11.dtd">
<html xmlns="https://www.w3.org/1999/xhtml">
<head>
<meta http-equiv="content-type" content="text/html; charset=UTF-8"/>
<title>TestNG Report</title>
<style type="text/css">table {margin-bottom:10px;border-collapse:collapse;empty-cells:show}th,td {border:1px solid #009;padding:.25em .5em}th {vertical-align:bottom}td {vertical-align:top}table a {font-weight:bold}.stripe td {background-color: #E6EBF9}.num {text-align:right}.passedodd td {background-color: #3F3}.passedeven td {background-color: #0A0}.skippedodd td {background-color: #DDD}.skippedeven td {background-color: #CCC}.failedodd td,.attn {background-color: #F33}.failedeven td,.stripe .attn {background-color: #D00}.stacktrace {white-space:pre;font-family:monospace}.totop {font-size:85%;text-align:center;border-bottom:2px solid #000}.invisible {display:none}</style>
</head>
<body>
<table>
<tr><th>Test</th><th># Passed</th><th># Skipped</th><th># Retried</th><th># Failed</th><th>Time (ms)</th><th>Included Groups</th><th>Excluded Groups</th></tr>
<tr><th colspan="8">Suite</th></tr>
<tr><td><a href="#t0">Test_All</a></td><td class="num">10</td><td class="num attn">1</td><td class="num">0</td><td class="num attn">15</td><td class="num">731,446</td><td></td><td></td></tr>
</table>
<table id='summary'><thead><tr><th>Class</th><th>Method</th><th>Start</th><th>Time (ms)</th></tr></thead><tbody><tr><th colspan="4">Suite</th></tr></tbody><tbody id="t0"><tr><th colspan="4">Test_All &#8212; failed (configuration methods)</th></tr><tr class="failedeven"><td rowspan="1">com.mystore.testcases.AddToCartPageTest</td><td><a href="#m0">setup</a></td><td rowspan="1">1699258693745</td><td rowspan="1">32200</td></tr><tr><th colspan="4">Test_All &#8212; failed</th></tr><tr class="failedeven"><td rowspan="1">com.mystore.testcases.AddToCartPageTest</td><td><a href="#m1">addProductToCartProceedToShippingAdressPagewWithLogin</a></td><td rowspan="1">1699258683735</td><td rowspan="1">8988</td></tr><tr class="failedodd"><td rowspan="1">com.mystore.testcases.ForgotPasswordPageTest</td><td><a href="#m2">resetPasswordAndValidateIt</a></td><td rowspan="1">1699258166784</td><td rowspan="1">12603</td></tr><tr class="failedeven"><td rowspan="1">com.mystore.testcases.HomePageTest</td><td><a href="#m3">clickAndVerifyDownArrowMyAccountWishListAndSignout</a></td><td rowspan="1">1699258531117</td><td rowspan="1">8201</td></tr><tr class="failedodd"><td rowspan="2">com.mystore.testcases.OrderConfirmationPageTest</td><td><a href="#m4">clickOnContShopBtn</a></td><td rowspan="1">1699258577823</td><td rowspan="1">10201</td></tr><tr class="failedodd"><td><a href="#m5">validationOfOrderSummaryPage</a></td><td rowspan="1">1699258607272</td><td rowspan="1">6704</td></tr><tr class="failedeven"><td rowspan="3">com.mystore.testcases.ReviewPaymentPageTest</td><td><a href="#m6">clickOnPlaceOrderAndVerifyOrderConfirmation</a></td><td rowspan="1">1699258465337</td><td rowspan="1">6674</td></tr><tr class="failedeven"><td><a href="#m7">editShipMethod</a></td><td rowspan="1">1699258488820</td><td rowspan="1">8507</td></tr><tr class="failedeven"><td><a href="#m8">validationOfReviewPaymentPage</a></td><td rowspan="1">1699258509651</td><td rowspan="1">2889</td></tr><tr class="failedodd"><td rowspan="1">com.mystore.testcases.SearchResultPageTest</td><td><a href="#m9">clickOnSearchResultProduct</a></td><td rowspan="1">1699258329831</td><td rowspan="1">18833</td></tr><tr class="failedeven"><td rowspan="3">com.mystore.testcases.ShippingAddressPageTest</td><td><a href="#m10">fillAdressIfNotLoginVerifyReviewPaymentPage</a></td><td rowspan="1">1699258054770</td><td rowspan="1">12520</td></tr><tr class="failedeven"><td><a href="#m11">fillNewAdressIfLoginVerifyReviewPaymentPage</a></td><td rowspan="1">1699258097030</td><td rowspan="1">20289</td></tr><tr class="failedeven"><td><a href="#m12">validationOfShippingAdressPage</a></td><td rowspan="1">1699258138475</td><td rowspan="1">7678</td></tr><tr class="failedodd"><td rowspan="1">com.mystore.testcases.ShoppingCartPageTest</td><td><a href="#m13">validationOfShoppingCartPageWithoutLogin</a></td><td rowspan="1">1699258218011</td><td rowspan="1">8708</td></tr><tr class="failedeven"><td rowspan="2">com.mystore.testcases.SignInPageTest</td><td><a href="#m14">createNewAccountIfUnableToSignIn</a></td><td rowspan="1">1699258627265</td><td rowspan="1">7977</td></tr><tr class="failedeven"><td><a href="#m15">signInTest</a></td><td rowspan="1">1699258654924</td><td rowspan="1">2555</td></tr><tr><th colspan="4">Test_All &#8212; skipped (configuration methods)</th></tr><tr class="skippedeven"><td rowspan="1">com.mystore.testcases.AddToCartPageTest</td><td><a href="#m16">tearDown</a></td><td rowspan="1">1699258725964</td><td rowspan="1">-1699258725964</td></tr><tr><th colspan="4">Test_All &#8212; skipped</th></tr><tr class="skippedeven"><td rowspan="1">com.mystore.testcases.AddToCartPageTest</td><td><a href="#m17">addProductToCartProceedToShippingAdressPagewWithOutLogin</a></td><td rowspan="1">1699258725959</td><td rowspan="1">0</td></tr><tr><th colspan="4">Test_All &#8212; passed</th></tr><tr class="passedeven"><td rowspan="2">com.mystore.testcases.CreateAccountPageTest</td><td><a href="#m18">createOfNewAccount</a></td><td rowspan="1">1699258407107</td><td rowspan="1">4094</td></tr><tr class="passedeven"><td><a href="#m19">validationOfCreateAccountPage</a></td><td rowspan="1">1699258424966</td><td rowspan="1">3992</td></tr><tr class="passedodd"><td rowspan="1">com.mystore.testcases.ForgotPasswordPageTest</td><td><a href="#m20">validationOfForgotPasswordPage</a></td><td rowspan="1">1699258195453</td><td rowspan="1">1262</td></tr><tr class="passedeven"><td rowspan="1">com.mystore.testcases.HomePageTest</td><td><a href="#m21">getCurrentURLHomePage</a></td><td rowspan="1">1699258558385</td><td rowspan="1">4976</td></tr><tr class="passedodd"><td rowspan="2">com.mystore.testcases.IndexPageTest</td><td><a href="#m22">validateSignInPageTitleAfterClickOnSignIn</a></td><td rowspan="1">1699258267691</td><td rowspan="1">12954</td></tr><tr class="passedodd"><td><a href="#m23">verifyLogoTest</a></td><td rowspan="1">1699258307424</td><td rowspan="1">175</td></tr><tr class="passedeven"><td rowspan="1">com.mystore.testcases.MyAccountPageTest</td><td><a href="#m24">validationOfMyAcntPage</a></td><td rowspan="1">1699258439703</td><td rowspan="1">10353</td></tr><tr class="passedodd"><td rowspan="2">com.mystore.testcases.SearchResultPageTest</td><td><a href="#m25">validateSearchProdcutResultWithLogin</a></td><td rowspan="1">1699258369760</td><td rowspan="1">9146</td></tr><tr class="passedodd"><td><a href="#m26">validateSearchProdcutResultWithoutLogin</a></td><td rowspan="1">1699258385313</td><td rowspan="1">8198</td></tr><tr class="passedeven"><td rowspan="1">com.mystore.testcases.SignInPageTest</td><td><a href="#m27">signInTest</a></td><td rowspan="1">1699258668471</td><td rowspan="1">4461</td></tr></tbody>
</table>
<h2>Test_All</h2><h3 id="m0">com.mystore.testcases.AddToCartPageTest#setup</h3><table class="result"><tr class="param"><th>Parameter #1</th></tr><tr class="param stripe"><td>Chrome</td></tr><tr><th>Exception</th></tr><tr><td><div class="stacktrace">org.openqa.selenium.TimeoutException: timeout: Timed out receiving message from renderer: 22.289
  (Session info: chrome=119.0.6045.105)
Build info: version: &apos;4.13.0&apos;, revision: &apos;ba948ece5b*&apos;
System info: os.name: &apos;Windows 10&apos;, os.arch: &apos;amd64&apos;, os.version: &apos;10.0&apos;, java.version: &apos;11.0.13&apos;
Driver info: org.openqa.selenium.chrome.ChromeDriver
Command: [ff9770e1108df77bf9f71e677de22a5c, get {url=https://magento.softwaretestingboard.com/}]
Capabilities {acceptInsecureCerts: false, browserName: chrome, browserVersion: 119.0.6045.105, chrome: {chromedriverVersion: 119.0.6045.105 (38c72552c5e..., userDataDir: C:\Program Files\scoped_dir...}, fedcm:accounts: true, goog:chromeOptions: {debuggerAddress: localhost:55302}, networkConnectionEnabled: false, pageLoadStrategy: normal, platformName: windows, proxy: Proxy(), se:cdp: ws://localhost:55302/devtoo..., se:cdpVersion: 119.0.6045.105, setWindowRect: true, strictFileInteractability: false, timeouts: {implicit: 0, pageLoad: 300000, script: 30000}, unhandledPromptBehavior: dismiss and notify, webauthn:extension:credBlob: true, webauthn:extension:largeBlob: true, webauthn:extension:minPinLength: true, webauthn:extension:prf: true, webauthn:virtualAuthenticators: true}
Session ID: ff9770e1108df77bf9f71e677de22a5c
	at org.openqa.selenium.remote.codec.w3c.W3CHttpResponseCodec.createException(W3CHttpResponseCodec.java:200)
	at org.openqa.selenium.remote.codec.w3c.W3CHttpResponseCodec.decode(W3CHttpResponseCodec.java:133)
	at org.openqa.selenium.remote.codec.w3c.W3CHttpResponseCodec.decode(W3CHttpResponseCodec.java:52)
	at org.openqa.selenium.remote.HttpCommandExecutor.execute(HttpCommandExecutor.java:191)
	at org.openqa.selenium.remote.service.DriverCommandExecutor.invokeExecute(DriverCommandExecutor.java:196)
	at org.openqa.selenium.remote.service.DriverCommandExecutor.execute(DriverCommandExecutor.java:171)
	at org.openqa.selenium.remote.RemoteWebDriver.execute(RemoteWebDriver.java:602)
	at org.openqa.selenium.remote.RemoteWebDriver.get(RemoteWebDriver.java:304)
	at com.mystore.base.BaseClass.launchApp(BaseClass.java:125)
	at com.mystore.testcases.AddToCartPageTest.setup(AddToCartPageTest.java:39)
	at java.base/java.util.ArrayList.forEach(ArrayList.java:1541)
... Removed 35 stack frames</div></td></tr></table><p class="totop"><a href="#summary">back to summary</a></p>
<h3 id="m1">com.mystore.testcases.AddToCartPageTest#addProductToCartProceedToShippingAdressPagewWithLogin</h3><table class="result"><tr><th>Exception</th></tr><tr><td><div class="stacktrace">java.lang.ClassCastException: class java.lang.ThreadLocal cannot be cast to class org.openqa.selenium.JavascriptExecutor (java.lang.ThreadLocal is in module java.base of loader &apos;bootstrap&apos;; org.openqa.selenium.JavascriptExecutor is in unnamed module of loader &apos;app&apos;)
	at com.mystore.pageobjects.SearchResultPage.clickOnProduct(SearchResultPage.java:51)
	at com.mystore.testcases.AddToCartPageTest.addProductToCartProceedToShippingAdressPagewWithLogin(AddToCartPageTest.java:65)
	at java.base/java.util.ArrayList.forEach(ArrayList.java:1541)
... Removed 27 stack frames</div></td></tr></table><p class="totop"><a href="#summary">back to summary</a></p>
<h3 id="m2">com.mystore.testcases.ForgotPasswordPageTest#resetPasswordAndValidateIt</h3><table class="result"><tr><th>Exception</th></tr><tr><td><div class="stacktrace">java.lang.AssertionError: expected [If there is an account associated with qwertyuiop@gmail.com you will receive an email with a link to reset your password.] but found []
	at com.mystore.pageobjects.SignInPage.validationOfSuccessfulForgotEmailSentMsg(SignInPage.java:94)
	at com.mystore.testcases.ForgotPasswordPageTest.resetPasswordAndValidateIt(ForgotPasswordPageTest.java:64)
	at java.base/java.util.ArrayList.forEach(ArrayList.java:1541)
... Removed 33 stack frames</div></td></tr></table><p class="totop"><a href="#summary">back to summary</a></p>
<h3 id="m3">com.mystore.testcases.HomePageTest#clickAndVerifyDownArrowMyAccountWishListAndSignout</h3><table class="result"><tr><th>Exception</th></tr><tr><td><div class="stacktrace">org.openqa.selenium.ElementNotInteractableException: element not interactable: https://magento.softwaretestingboard.com/customer/account/ has no size and location
  (Session info: chrome=119.0.6045.105)
Build info: version: &apos;4.13.0&apos;, revision: &apos;ba948ece5b*&apos;
System info: os.name: &apos;Windows 10&apos;, os.arch: &apos;amd64&apos;, os.version: &apos;10.0&apos;, java.version: &apos;11.0.13&apos;
Driver info: org.openqa.selenium.chrome.ChromeDriver
Command: [45502af98b2954a68c61afcb3b3a2423, actions {actions=[org.openqa.selenium.interactions.Sequence@6f9999f6]}]
Capabilities {acceptInsecureCerts: false, browserName: chrome, browserVersion: 119.0.6045.105, chrome: {chromedriverVersion: 119.0.6045.105 (38c72552c5e..., userDataDir: C:\Program Files\scoped_dir...}, fedcm:accounts: true, goog:chromeOptions: {debuggerAddress: localhost:55098}, networkConnectionEnabled: false, pageLoadStrategy: normal, platformName: windows, proxy: Proxy(), se:cdp: ws://localhost:55098/devtoo..., se:cdpVersion: 119.0.6045.105, setWindowRect: true, strictFileInteractability: false, timeouts: {implicit: 0, pageLoad: 300000, script: 30000}, unhandledPromptBehavior: dismiss and notify, webauthn:extension:credBlob: true, webauthn:extension:largeBlob: true, webauthn:extension:minPinLength: true, webauthn:extension:prf: true, webauthn:virtualAuthenticators: true}
Session ID: 45502af98b2954a68c61afcb3b3a2423
	at org.openqa.selenium.remote.codec.w3c.W3CHttpResponseCodec.createException(W3CHttpResponseCodec.java:200)
	at org.openqa.selenium.remote.codec.w3c.W3CHttpResponseCodec.decode(W3CHttpResponseCodec.java:133)
	at org.openqa.selenium.remote.codec.w3c.W3CHttpResponseCodec.decode(W3CHttpResponseCodec.java:52)
	at org.openqa.selenium.remote.HttpCommandExecutor.execute(HttpCommandExecutor.java:191)
	at org.openqa.selenium.remote.service.DriverCommandExecutor.invokeExecute(DriverCommandExecutor.java:196)
	at org.openqa.selenium.remote.service.DriverCommandExecutor.execute(DriverCommandExecutor.java:171)
	at org.openqa.selenium.remote.RemoteWebDriver.execute(RemoteWebDriver.java:602)
	at org.openqa.selenium.remote.RemoteWebDriver.perform(RemoteWebDriver.java:688)
	at org.openqa.selenium.interactions.Actions$BuiltAction.perform(Actions.java:605)
	at com.mystore.actiondriver.Action.click(Action.java:45)
	at com.mystore.pageobjects.HomePage.clickMyAccount(HomePage.java:68)
	at com.mystore.testcases.HomePageTest.clickAndVerifyDownArrowMyAccountWishListAndSignout(HomePageTest.java:90)
	at java.base/java.util.ArrayList.forEach(ArrayList.java:1541)
... Removed 31 stack frames</div></td></tr></table><p class="totop"><a href="#summary">back to summary</a></p>
<h3 id="m4">com.mystore.testcases.OrderConfirmationPageTest#clickOnContShopBtn</h3><table class="result"><tr><th>Exception</th></tr><tr><td><div class="stacktrace">java.lang.ClassCastException: class java.lang.ThreadLocal cannot be cast to class org.openqa.selenium.JavascriptExecutor (java.lang.ThreadLocal is in module java.base of loader &apos;bootstrap&apos;; org.openqa.selenium.JavascriptExecutor is in unnamed module of loader &apos;app&apos;)
	at com.mystore.pageobjects.SearchResultPage.clickOnProduct(SearchResultPage.java:51)
	at com.mystore.testcases.OrderConfirmationPageTest.clickOnContShopBtn(OrderConfirmationPageTest.java:135)
	at java.base/java.util.ArrayList.forEach(ArrayList.java:1541)
... Removed 27 stack frames</div></td></tr></table><p class="totop"><a href="#summary">back to summary</a></p>
<h3 id="m5">com.mystore.testcases.OrderConfirmationPageTest#validationOfOrderSummaryPage</h3><table class="result"><tr><th>Exception</th></tr><tr><td><div class="stacktrace">java.lang.ClassCastException: class java.lang.ThreadLocal cannot be cast to class org.openqa.selenium.JavascriptExecutor (java.lang.ThreadLocal is in module java.base of loader &apos;bootstrap&apos;; org.openqa.selenium.JavascriptExecutor is in unnamed module of loader &apos;app&apos;)
	at com.mystore.pageobjects.SearchResultPage.clickOnProduct(SearchResultPage.java:51)
	at com.mystore.testcases.OrderConfirmationPageTest.validationOfOrderSummaryPage(OrderConfirmationPageTest.java:78)
	at java.base/java.util.ArrayList.forEach(ArrayList.java:1541)
... Removed 27 stack frames</div></td></tr></table><p class="totop"><a href="#summary">back to summary</a></p>
<h3 id="m6">com.mystore.testcases.ReviewPaymentPageTest#clickOnPlaceOrderAndVerifyOrderConfirmation</h3><table class="result"><tr><th>Exception</th></tr><tr><td><div class="stacktrace">java.lang.ClassCastException: class java.lang.ThreadLocal cannot be cast to class org.openqa.selenium.JavascriptExecutor (java.lang.ThreadLocal is in module java.base of loader &apos;bootstrap&apos;; org.openqa.selenium.JavascriptExecutor is in unnamed module of loader &apos;app&apos;)
	at com.mystore.pageobjects.SearchResultPage.clickOnProduct(SearchResultPage.java:51)
	at com.mystore.testcases.ReviewPaymentPageTest.clickOnPlaceOrderAndVerifyOrderConfirmation(ReviewPaymentPageTest.java:189)
	at java.base/java.util.ArrayList.forEach(ArrayList.java:1541)
... Removed 27 stack frames</div></td></tr></table><p class="totop"><a href="#summary">back to summary</a></p>
<h3 id="m7">com.mystore.testcases.ReviewPaymentPageTest#editShipMethod</h3><table class="result"><tr><th>Exception</th></tr><tr><td><div class="stacktrace">java.lang.ClassCastException: class java.lang.ThreadLocal cannot be cast to class org.openqa.selenium.JavascriptExecutor (java.lang.ThreadLocal is in module java.base of loader &apos;bootstrap&apos;; org.openqa.selenium.JavascriptExecutor is in unnamed module of loader &apos;app&apos;)
	at com.mystore.pageobjects.SearchResultPage.clickOnProduct(SearchResultPage.java:51)
	at com.mystore.testcases.ReviewPaymentPageTest.editShipMethod(ReviewPaymentPageTest.java:135)
	at java.base/java.util.ArrayList.forEach(ArrayList.java:1541)
... Removed 27 stack frames</div></td></tr></table><p class="totop"><a href="#summary">back to summary</a></p>
<h3 id="m8">com.mystore.testcases.ReviewPaymentPageTest#validationOfReviewPaymentPage</h3><table class="result"><tr><th>Exception</th></tr><tr><td><div class="stacktrace">java.lang.ClassCastException: class java.lang.ThreadLocal cannot be cast to class org.openqa.selenium.JavascriptExecutor (java.lang.ThreadLocal is in module java.base of loader &apos;bootstrap&apos;; org.openqa.selenium.JavascriptExecutor is in unnamed module of loader &apos;app&apos;)
	at com.mystore.pageobjects.SearchResultPage.clickOnProduct(SearchResultPage.java:51)
	at com.mystore.testcases.ReviewPaymentPageTest.validationOfReviewPaymentPage(ReviewPaymentPageTest.java:80)
	at java.base/java.util.ArrayList.forEach(ArrayList.java:1541)
... Removed 27 stack frames</div></td></tr></table><p class="totop"><a href="#summary">back to summary</a></p>
<h3 id="m9">com.mystore.testcases.SearchResultPageTest#clickOnSearchResultProduct</h3><table class="result"><tr><th>Exception</th></tr><tr><td><div class="stacktrace">java.lang.ClassCastException: class java.lang.ThreadLocal cannot be cast to class org.openqa.selenium.JavascriptExecutor (java.lang.ThreadLocal is in module java.base of loader &apos;bootstrap&apos;; org.openqa.selenium.JavascriptExecutor is in unnamed module of loader &apos;app&apos;)
	at com.mystore.pageobjects.SearchResultPage.clickOnProduct(SearchResultPage.java:51)
	at com.mystore.testcases.SearchResultPageTest.clickOnSearchResultProduct(SearchResultPageTest.java:84)
	at java.base/java.util.ArrayList.forEach(ArrayList.java:1541)
... Removed 27 stack frames</div></td></tr></table><p class="totop"><a href="#summary">back to summary</a></p>
<h3 id="m10">com.mystore.testcases.ShippingAddressPageTest#fillAdressIfNotLoginVerifyReviewPaymentPage</h3><table class="result"><tr><th>Exception</th></tr><tr><td><div class="stacktrace">java.lang.ClassCastException: class java.lang.ThreadLocal cannot be cast to class org.openqa.selenium.JavascriptExecutor (java.lang.ThreadLocal is in module java.base of loader &apos;bootstrap&apos;; org.openqa.selenium.JavascriptExecutor is in unnamed module of loader &apos;app&apos;)
	at com.mystore.pageobjects.SearchResultPage.clickOnProduct(SearchResultPage.java:51)
	at com.mystore.testcases.ShippingAddressPageTest.fillAdressIfNotLoginVerifyReviewPaymentPage(ShippingAddressPageTest.java:111)
	at java.base/java.util.ArrayList.forEach(ArrayList.java:1541)
... Removed 27 stack frames</div></td></tr></table><p class="totop"><a href="#summary">back to summary</a></p>
<h3 id="m11">com.mystore.testcases.ShippingAddressPageTest#fillNewAdressIfLoginVerifyReviewPaymentPage</h3><table class="result"><tr><th>Exception</th></tr><tr><td><div class="stacktrace">java.lang.ClassCastException: class java.lang.ThreadLocal cannot be cast to class org.openqa.selenium.JavascriptExecutor (java.lang.ThreadLocal is in module java.base of loader &apos;bootstrap&apos;; org.openqa.selenium.JavascriptExecutor is in unnamed module of loader &apos;app&apos;)
	at com.mystore.pageobjects.SearchResultPage.clickOnProduct(SearchResultPage.java:51)
	at com.mystore.testcases.ShippingAddressPageTest.fillNewAdressIfLoginVerifyReviewPaymentPage(ShippingAddressPageTest.java:168)
	at java.base/java.util.ArrayList.forEach(ArrayList.java:1541)
... Removed 27 stack frames</div></td></tr></table><p class="totop"><a href="#summary">back to summary</a></p>
<h3 id="m12">com.mystore.testcases.ShippingAddressPageTest#validationOfShippingAdressPage</h3><table class="result"><tr><th>Exception</th></tr><tr><td><div class="stacktrace">java.lang.ClassCastException: class java.lang.ThreadLocal cannot be cast to class org.openqa.selenium.JavascriptExecutor (java.lang.ThreadLocal is in module java.base of loader &apos;bootstrap&apos;; org.openqa.selenium.JavascriptExecutor is in unnamed module of loader &apos;app&apos;)
	at com.mystore.pageobjects.SearchResultPage.clickOnProduct(SearchResultPage.java:51)
	at com.mystore.testcases.ShippingAddressPageTest.validationOfShippingAdressPage(ShippingAddressPageTest.java:71)
	at java.base/java.util.ArrayList.forEach(ArrayList.java:1541)
... Removed 27 stack frames</div></td></tr></table><p class="totop"><a href="#summary">back to summary</a></p>
<h3 id="m13">com.mystore.testcases.ShoppingCartPageTest#validationOfShoppingCartPageWithoutLogin</h3><table class="result"><tr><th>Exception</th></tr><tr><td><div class="stacktrace">java.lang.ClassCastException: class java.lang.ThreadLocal cannot be cast to class org.openqa.selenium.JavascriptExecutor (java.lang.ThreadLocal is in module java.base of loader &apos;bootstrap&apos;; org.openqa.selenium.JavascriptExecutor is in unnamed module of loader &apos;app&apos;)
	at com.mystore.pageobjects.SearchResultPage.clickOnProduct(SearchResultPage.java:51)
	at com.mystore.testcases.ShoppingCartPageTest.validationOfShoppingCartPageWithoutLogin(ShoppingCartPageTest.java:62)
	at java.base/java.util.ArrayList.forEach(ArrayList.java:1541)
... Removed 27 stack frames</div></td></tr></table><p class="totop"><a href="#summary">back to summary</a></p>
<h3 id="m14">com.mystore.testcases.SignInPageTest#createNewAccountIfUnableToSignIn</h3><table class="result"><tr><th>Exception</th></tr><tr><td><div class="stacktrace">java.lang.AssertionError: expected [My Account] but found [Create New Customer Account]
	at com.mystore.pageobjects.MyAccountPage.validateMyAcntPageTitle(MyAccountPage.java:38)
	at com.mystore.testcases.SignInPageTest.createNewAccountIfUnableToSignIn(SignInPageTest.java:104)
	at java.base/java.util.ArrayList.forEach(ArrayList.java:1541)
... Removed 33 stack frames</div></td></tr></table><p class="totop"><a href="#summary">back to summary</a></p>
<h3 id="m15">com.mystore.testcases.SignInPageTest#signInTest</h3><table class="result"><tr class="param"><th>Parameter #1</th><th>Parameter #2</th></tr><tr class="param stripe"><td>abcd</td><td>abcd</td></tr><tr><th colspan="2">Exception</th></tr><tr><td colspan="2"><div class="stacktrace">java.lang.AssertionError: expected [https://magento.softwaretestingboard.com/] but found [https://magento.softwaretestingboard.com/customer/account/login/referer/aHR0cHM6Ly9tYWdlbnRvLnNvZnR3YXJldGVzdGluZ2JvYXJkLmNvbS8%2C/]
	at com.mystore.testcases.SignInPageTest.signInTest(SignInPageTest.java:76)
	at java.base/java.util.ArrayList.forEach(ArrayList.java:1541)
... Removed 33 stack frames</div></td></tr></table><p class="totop"><a href="#summary">back to summary</a></p>
<h3 id="m16">com.mystore.testcases.AddToCartPageTest#tearDown</h3><table class="result"><tr><th class="invisible"/></tr></table><p class="totop"><a href="#summary">back to summary</a></p>
<h3 id="m17">com.mystore.testcases.AddToCartPageTest#addProductToCartProceedToShippingAdressPagewWithOutLogin</h3><table class="result"><tr><th>Exception</th></tr><tr><td><div class="stacktrace">org.openqa.selenium.TimeoutException: timeout: Timed out receiving message from renderer: 22.289
  (Session info: chrome=119.0.6045.105)
Build info: version: &apos;4.13.0&apos;, revision: &apos;ba948ece5b*&apos;
System info: os.name: &apos;Windows 10&apos;, os.arch: &apos;amd64&apos;, os.version: &apos;10.0&apos;, java.version: &apos;11.0.13&apos;
Driver info: org.openqa.selenium.chrome.ChromeDriver
Command: [ff9770e1108df77bf9f71e677de22a5c, get {url=https://magento.softwaretestingboard.com/}]
Capabilities {acceptInsecureCerts: false, browserName: chrome, browserVersion: 119.0.6045.105, chrome: {chromedriverVersion: 119.0.6045.105 (38c72552c5e..., userDataDir: C:\Program Files\scoped_dir...}, fedcm:accounts: true, goog:chromeOptions: {debuggerAddress: localhost:55302}, networkConnectionEnabled: false, pageLoadStrategy: normal, platformName: windows, proxy: Proxy(), se:cdp: ws://localhost:55302/devtoo..., se:cdpVersion: 119.0.6045.105, setWindowRect: true, strictFileInteractability: false, timeouts: {implicit: 0, pageLoad: 300000, script: 30000}, unhandledPromptBehavior: dismiss and notify, webauthn:extension:credBlob: true, webauthn:extension:largeBlob: true, webauthn:extension:minPinLength: true, webauthn:extension:prf: true, webauthn:virtualAuthenticators: true}
Session ID: ff9770e1108df77bf9f71e677de22a5c
	at org.openqa.selenium.remote.codec.w3c.W3CHttpResponseCodec.createException(W3CHttpResponseCodec.java:200)
	at org.openqa.selenium.remote.codec.w3c.W3CHttpResponseCodec.decode(W3CHttpResponseCodec.java:133)
	at org.openqa.selenium.remote.codec.w3c.W3CHttpResponseCodec.decode(W3CHttpResponseCodec.java:52)
	at org.openqa.selenium.remote.HttpCommandExecutor.execute(HttpCommandExecutor.java:191)
	at org.openqa.selenium.remote.service.DriverCommandExecutor.invokeExecute(DriverCommandExecutor.java:196)
	at org.openqa.selenium.remote.service.DriverCommandExecutor.execute(DriverCommandExecutor.java:171)
	at org.openqa.selenium.remote.RemoteWebDriver.execute(RemoteWebDriver.java:602)
	at org.openqa.selenium.remote.RemoteWebDriver.get(RemoteWebDriver.java:304)
	at com.mystore.base.BaseClass.launchApp(BaseClass.java:125)
	at com.mystore.testcases.AddToCartPageTest.setup(AddToCartPageTest.java:39)
	at java.base/java.util.ArrayList.forEach(ArrayList.java:1541)
... Removed 35 stack frames</div></td></tr></table><p class="totop"><a href="#summary">back to summary</a></p>
<h3 id="m18">com.mystore.testcases.CreateAccountPageTest#createOfNewAccount</h3><table class="result"><tr class="param"><th>Parameter #1</th><th>Parameter #2</th><th>Parameter #3</th><th>Parameter #4</th><th>Parameter #5</th></tr><tr class="param stripe"><td>abcd</td><td>efgh</td><td>abcd123@gmail.com</td><td>Password</td><td>Password</td></tr></table><p class="totop"><a href="#summary">back to summary</a></p>
<h3 id="m19">com.mystore.testcases.CreateAccountPageTest#validationOfCreateAccountPage</h3><table class="result"><tr><th class="invisible"/></tr></table><p class="totop"><a href="#summary">back to summary</a></p>
<h3 id="m20">com.mystore.testcases.ForgotPasswordPageTest#validationOfForgotPasswordPage</h3><table class="result"><tr><th class="invisible"/></tr></table><p class="totop"><a href="#summary">back to summary</a></p>
<h3 id="m21">com.mystore.testcases.HomePageTest#getCurrentURLHomePage</h3><table class="result"><tr><th class="invisible"/></tr></table><p class="totop"><a href="#summary">back to summary</a></p>
<h3 id="m22">com.mystore.testcases.IndexPageTest#validateSignInPageTitleAfterClickOnSignIn</h3><table class="result"><tr><th class="invisible"/></tr></table><p class="totop"><a href="#summary">back to summary</a></p>
<h3 id="m23">com.mystore.testcases.IndexPageTest#verifyLogoTest</h3><table class="result"><tr><th class="invisible"/></tr></table><p class="totop"><a href="#summary">back to summary</a></p>
<h3 id="m24">com.mystore.testcases.MyAccountPageTest#validationOfMyAcntPage</h3><table class="result"><tr><th class="invisible"/></tr></table><p class="totop"><a href="#summary">back to summary</a></p>
<h3 id="m25">com.mystore.testcases.SearchResultPageTest#validateSearchProdcutResultWithLogin</h3><table class="result"><tr><th class="invisible"/></tr></table><p class="totop"><a href="#summary">back to summary</a></p>
<h3 id="m26">com.mystore.testcases.SearchResultPageTest#validateSearchProdcutResultWithoutLogin</h3><table class="result"><tr><th class="invisible"/></tr></table><p class="totop"><a href="#summary">back to summary</a></p>
<h3 id="m27">com.mystore.testcases.SignInPageTest#signInTest</h3><table class="result"><tr class="param"><th>Parameter #1</th><th>Parameter #2</th></tr><tr class="param stripe"><td>vbnm@gmail.com</td><td>211112@Pgnngp</td></tr></table><p class="totop"><a href="#summary">back to summary</a></p>
</body>
</html>
